Created by PLY version 3.4 (http://www.dabeaz.com/ply)

Grammar

Rule 0     S' -> input
Rule 1     input -> <empty>
Rule 2     input -> input line
Rule 3     line -> instruction NEWLINE
Rule 4     line -> COMMENT NEWLINE
Rule 5     line -> instruction COMMENT NEWLINE
Rule 6     instruction -> command
Rule 7     instruction -> DIRECTIVE
Rule 8     instruction -> WORD COLON
Rule 9     command -> WORD WORD COMMA WORD COMMA WORD
Rule 10    command -> WORD WORD COMMA WORD
Rule 11    command -> WORD WORD
Rule 12    command -> WORD

Terminals, with rules where they appear

COLON                : 8
COMMA                : 9 9 10
COMMENT              : 4 5
DIRECTIVE            : 7
NEWLINE              : 3 4 5
WORD                 : 8 9 9 9 9 10 10 10 11 11 12
error                : 

Nonterminals, with rules where they appear

command              : 6
input                : 2 0
instruction          : 3 5
line                 : 2

Parsing method: LALR

state 0

    (0) S' -> . input
    (1) input -> .
    (2) input -> . input line

    COMMENT         reduce using rule 1 (input -> .)
    DIRECTIVE       reduce using rule 1 (input -> .)
    WORD            reduce using rule 1 (input -> .)
    $end            reduce using rule 1 (input -> .)

    input                          shift and go to state 1

state 1

    (0) S' -> input .
    (2) input -> input . line
    (3) line -> . instruction NEWLINE
    (4) line -> . COMMENT NEWLINE
    (5) line -> . instruction COMMENT NEWLINE
    (6) instruction -> . command
    (7) instruction -> . DIRECTIVE
    (8) instruction -> . WORD COLON
    (9) command -> . WORD WORD COMMA WORD COMMA WORD
    (10) command -> . WORD WORD COMMA WORD
    (11) command -> . WORD WORD
    (12) command -> . WORD

    COMMENT         shift and go to state 2
    DIRECTIVE       shift and go to state 5
    WORD            shift and go to state 4

    line                           shift and go to state 7
    instruction                    shift and go to state 3
    command                        shift and go to state 6

state 2

    (4) line -> COMMENT . NEWLINE

    NEWLINE         shift and go to state 8


state 3

    (3) line -> instruction . NEWLINE
    (5) line -> instruction . COMMENT NEWLINE

    NEWLINE         shift and go to state 10
    COMMENT         shift and go to state 9


state 4

    (8) instruction -> WORD . COLON
    (9) command -> WORD . WORD COMMA WORD COMMA WORD
    (10) command -> WORD . WORD COMMA WORD
    (11) command -> WORD . WORD
    (12) command -> WORD .

    COLON           shift and go to state 11
    WORD            shift and go to state 12
    NEWLINE         reduce using rule 12 (command -> WORD .)
    COMMENT         reduce using rule 12 (command -> WORD .)


state 5

    (7) instruction -> DIRECTIVE .

    NEWLINE         reduce using rule 7 (instruction -> DIRECTIVE .)
    COMMENT         reduce using rule 7 (instruction -> DIRECTIVE .)


state 6

    (6) instruction -> command .

    NEWLINE         reduce using rule 6 (instruction -> command .)
    COMMENT         reduce using rule 6 (instruction -> command .)


state 7

    (2) input -> input line .

    COMMENT         reduce using rule 2 (input -> input line .)
    DIRECTIVE       reduce using rule 2 (input -> input line .)
    WORD            reduce using rule 2 (input -> input line .)
    $end            reduce using rule 2 (input -> input line .)


state 8

    (4) line -> COMMENT NEWLINE .

    COMMENT         reduce using rule 4 (line -> COMMENT NEWLINE .)
    DIRECTIVE       reduce using rule 4 (line -> COMMENT NEWLINE .)
    WORD            reduce using rule 4 (line -> COMMENT NEWLINE .)
    $end            reduce using rule 4 (line -> COMMENT NEWLINE .)


state 9

    (5) line -> instruction COMMENT . NEWLINE

    NEWLINE         shift and go to state 13


state 10

    (3) line -> instruction NEWLINE .

    COMMENT         reduce using rule 3 (line -> instruction NEWLINE .)
    DIRECTIVE       reduce using rule 3 (line -> instruction NEWLINE .)
    WORD            reduce using rule 3 (line -> instruction NEWLINE .)
    $end            reduce using rule 3 (line -> instruction NEWLINE .)


state 11

    (8) instruction -> WORD COLON .

    NEWLINE         reduce using rule 8 (instruction -> WORD COLON .)
    COMMENT         reduce using rule 8 (instruction -> WORD COLON .)


state 12

    (9) command -> WORD WORD . COMMA WORD COMMA WORD
    (10) command -> WORD WORD . COMMA WORD
    (11) command -> WORD WORD .

    COMMA           shift and go to state 14
    NEWLINE         reduce using rule 11 (command -> WORD WORD .)
    COMMENT         reduce using rule 11 (command -> WORD WORD .)


state 13

    (5) line -> instruction COMMENT NEWLINE .

    COMMENT         reduce using rule 5 (line -> instruction COMMENT NEWLINE .)
    DIRECTIVE       reduce using rule 5 (line -> instruction COMMENT NEWLINE .)
    WORD            reduce using rule 5 (line -> instruction COMMENT NEWLINE .)
    $end            reduce using rule 5 (line -> instruction COMMENT NEWLINE .)


state 14

    (9) command -> WORD WORD COMMA . WORD COMMA WORD
    (10) command -> WORD WORD COMMA . WORD

    WORD            shift and go to state 15


state 15

    (9) command -> WORD WORD COMMA WORD . COMMA WORD
    (10) command -> WORD WORD COMMA WORD .

    COMMA           shift and go to state 16
    NEWLINE         reduce using rule 10 (command -> WORD WORD COMMA WORD .)
    COMMENT         reduce using rule 10 (command -> WORD WORD COMMA WORD .)


state 16

    (9) command -> WORD WORD COMMA WORD COMMA . WORD

    WORD            shift and go to state 17


state 17

    (9) command -> WORD WORD COMMA WORD COMMA WORD .

    NEWLINE         reduce using rule 9 (command -> WORD WORD COMMA WORD COMMA WORD .)
    COMMENT         reduce using rule 9 (command -> WORD WORD COMMA WORD COMMA WORD .)

